<?xml version="1.0" encoding="UTF-8"?>
<!-- Generated by org.testng.reporters.JUnitReportReporter -->
<testsuite skipped="0" hostname="PTBLR-1085-PC" name="com.tests.RegisterTest" tests="1" failures="0" timestamp="05 Jun 2017 11:38:58 GMT" time="47.014" errors="0">
  <testcase name="registerTest" time="47.014" classname="com.tests.RegisterTest"/>
</testsuite> <!-- com.tests.RegisterTest -->
