<?xml version="1.0" encoding="UTF-8"?>
<!-- Generated by org.testng.reporters.JUnitReportReporter -->
<testsuite skipped="0" hostname="PTBLR-1085-PC" name="com.tests.OnewayTest" tests="1" failures="0" timestamp="06 Jun 2017 06:17:22 GMT" time="40.565" errors="0">
  <testcase name="loginAndVerifyTitle" time="40.565" classname="com.tests.OnewayTest"/>
</testsuite> <!-- com.tests.OnewayTest -->
