<?xml version="1.0" encoding="UTF-8"?>
<!-- Generated by org.testng.reporters.JUnitReportReporter -->
<testsuite skipped="0" hostname="PTBLR-1085-PC" name="com.tests.TestLoginForApplicaion" tests="1" failures="0" timestamp="05 Jun 2017 07:19:56 GMT" time="102.213" errors="0">
  <testcase name="loginAndVerifyTitle" time="102.213" classname="com.tests.TestLoginForApplicaion"/>
</testsuite> <!-- com.tests.TestLoginForApplicaion -->
