<?xml version="1.0" encoding="UTF-8"?>
<!-- Generated by org.testng.reporters.JUnitReportReporter -->
<testsuite skipped="0" hostname="PTBLR-1085-PC" name="com.tests.OnewayTest" tests="1" failures="0" timestamp="09 Jun 2017 11:21:25 GMT" time="28.646" errors="0">
  <testcase name="loginAndVerifyTitle" time="28.646" classname="com.tests.OnewayTest"/>
</testsuite> <!-- com.tests.OnewayTest -->
