<?xml version="1.0" encoding="UTF-8"?>
<!-- Generated by org.testng.reporters.JUnitReportReporter -->
<testsuite skipped="0" hostname="PTBLR-1085-PC" name="com.tests.RegisterTest1" tests="1" failures="0" timestamp="05 Jun 2017 12:20:31 GMT" time="116.986" errors="0">
  <testcase name="registerTest" time="116.986" classname="com.tests.RegisterTest1"/>
</testsuite> <!-- com.tests.RegisterTest1 -->
