<?xml version="1.0" encoding="UTF-8"?>
<!-- Generated by org.testng.reporters.JUnitReportReporter -->
<testsuite skipped="0" hostname="PTBLR-1085-PC" name="com.tests.LoginToApplication" tests="1" failures="0" timestamp="05 Jun 2017 12:12:47 GMT" time="88.720" errors="0">
  <testcase name="loginAndVerifyTitle" time="88.720" classname="com.tests.LoginToApplication"/>
</testsuite> <!-- com.tests.LoginToApplication -->
